<?xml version="1.0" encoding="UTF-8"?>
<!-- Generated by org.testng.reporters.JUnitReportReporter -->
<testsuite skipped="0" hostname="LAPTOP-FD9FNOTU" name="test.LoginTest" tests="1" failures="0" timestamp="2021-02-04T10:40:54 CST" time="14.114" errors="0">
  <testcase name="validusershouldbeabletoLogin" time="14.114" classname="test.LoginTest"/>
  <system-out/>
</testsuite> <!-- test.LoginTest -->
